0 info it worked if it ends with ok
1 verbose cli [ '/usr/bin/node',
1 verbose cli   '/usr/bin/npm',
1 verbose cli   'install',
1 verbose cli   'grunt-contrib-imagemin',
1 verbose cli   '--save-dev' ]
2 info using npm@1.4.23
3 info using node@v0.10.31
4 verbose node symlink /usr/bin/node
5 verbose readDependencies using package.json deps
6 verbose cache add [ 'grunt-contrib-imagemin', null ]
7 verbose cache add name=undefined spec="grunt-contrib-imagemin" args=["grunt-contrib-imagemin",null]
8 verbose parsed url { protocol: null,
8 verbose parsed url   slashes: null,
8 verbose parsed url   auth: null,
8 verbose parsed url   host: null,
8 verbose parsed url   port: null,
8 verbose parsed url   hostname: null,
8 verbose parsed url   hash: null,
8 verbose parsed url   search: null,
8 verbose parsed url   query: null,
8 verbose parsed url   pathname: 'grunt-contrib-imagemin',
8 verbose parsed url   path: 'grunt-contrib-imagemin',
8 verbose parsed url   href: 'grunt-contrib-imagemin' }
9 silly lockFile d53d0dd9-grunt-contrib-imagemin grunt-contrib-imagemin
10 verbose lock grunt-contrib-imagemin /home/david/.npm/d53d0dd9-grunt-contrib-imagemin.lock
11 silly lockFile d53d0dd9-grunt-contrib-imagemin grunt-contrib-imagemin
12 silly lockFile d53d0dd9-grunt-contrib-imagemin grunt-contrib-imagemin
13 verbose addNamed [ 'grunt-contrib-imagemin', '' ]
14 verbose addNamed [ null, '*' ]
15 silly lockFile 400cb004-grunt-contrib-imagemin grunt-contrib-imagemin@
16 verbose lock grunt-contrib-imagemin@ /home/david/.npm/400cb004-grunt-contrib-imagemin.lock
17 silly addNameRange { name: 'grunt-contrib-imagemin', range: '*', hasData: false }
18 verbose request where is /grunt-contrib-imagemin
19 verbose request registry http://registry.npmjs.org/
20 verbose request id 381f124d9262ad4e
21 verbose url raw /grunt-contrib-imagemin
22 verbose url resolving [ 'http://registry.npmjs.org/', './grunt-contrib-imagemin' ]
23 verbose url resolved http://registry.npmjs.org/grunt-contrib-imagemin
24 verbose request where is http://registry.npmjs.org/grunt-contrib-imagemin
25 info trying registry request attempt 1 at 17:50:19
26 verbose etag "2OTHKWP6Q1MANDP7DGL0WM45N"
27 http GET http://registry.npmjs.org/grunt-contrib-imagemin
28 http 200 http://registry.npmjs.org/grunt-contrib-imagemin
29 silly registry.get cb [ 200,
29 silly registry.get   { server: 'CouchDB/1.5.0 (Erlang OTP/R14B04)',
29 silly registry.get     etag: '"DKJUVA6EMEX5NVUZ673V83ZUS"',
29 silly registry.get     'content-type': 'application/json',
29 silly registry.get     'cache-control': 'max-age=60',
29 silly registry.get     'content-length': '42083',
29 silly registry.get     'accept-ranges': 'bytes',
29 silly registry.get     date: 'Mon, 08 Sep 2014 15:50:19 GMT',
29 silly registry.get     via: '1.1 varnish',
29 silly registry.get     age: '2938',
29 silly registry.get     'x-served-by': 'cache-lcy1133-LCY',
29 silly registry.get     'x-cache': 'HIT, MISS from ipcop.localdomain',
29 silly registry.get     'x-cache-hits': '2',
29 silly registry.get     'x-timer': 'S1410191419.969241,VS0,VE0',
29 silly registry.get     vary: 'Accept',
29 silly registry.get     connection: 'keep-alive' } ]
30 silly addNameRange number 2 { name: 'grunt-contrib-imagemin', range: '*', hasData: true }
31 silly addNameRange versions [ 'grunt-contrib-imagemin',
31 silly addNameRange   [ '0.1.0',
31 silly addNameRange     '0.1.1',
31 silly addNameRange     '0.1.2',
31 silly addNameRange     '0.1.3',
31 silly addNameRange     '0.1.4',
31 silly addNameRange     '0.1.1-rc7',
31 silly addNameRange     '0.1.1-rc8',
31 silly addNameRange     '0.2.0',
31 silly addNameRange     '0.2.1',
31 silly addNameRange     '0.3.0',
31 silly addNameRange     '0.4.0',
31 silly addNameRange     '0.4.1',
31 silly addNameRange     '0.5.0',
31 silly addNameRange     '0.6.0',
31 silly addNameRange     '0.6.1',
31 silly addNameRange     '0.7.0',
31 silly addNameRange     '0.7.1',
31 silly addNameRange     '0.7.2',
31 silly addNameRange     '0.8.0',
31 silly addNameRange     '0.8.1' ] ]
32 verbose addNamed [ 'grunt-contrib-imagemin', '0.8.1' ]
33 verbose addNamed [ '0.8.1', '0.8.1' ]
34 silly lockFile b85fa733-grunt-contrib-imagemin-0-8-1 grunt-contrib-imagemin@0.8.1
35 verbose lock grunt-contrib-imagemin@0.8.1 /home/david/.npm/b85fa733-grunt-contrib-imagemin-0-8-1.lock
36 silly lockFile 998bdbd8-grunt-contrib-imagemin-0-8-1-tgz http://registry.npmjs.org/grunt-contrib-imagemin/-/grunt-contrib-imagemin-0.8.1.tgz
37 verbose lock http://registry.npmjs.org/grunt-contrib-imagemin/-/grunt-contrib-imagemin-0.8.1.tgz /home/david/.npm/998bdbd8-grunt-contrib-imagemin-0-8-1-tgz.lock
38 verbose addRemoteTarball [ 'http://registry.npmjs.org/grunt-contrib-imagemin/-/grunt-contrib-imagemin-0.8.1.tgz',
38 verbose addRemoteTarball   '78cf20c849c811947b38eddd8efbf3e3d2d61b78' ]
39 info retry fetch attempt 1 at 17:50:19
40 verbose fetch to= /tmp/npm-8544-gmFs6fdP/registry.npmjs.org/grunt-contrib-imagemin/-/grunt-contrib-imagemin-0.8.1.tgz
41 http GET http://registry.npmjs.org/grunt-contrib-imagemin/-/grunt-contrib-imagemin-0.8.1.tgz
42 http 200 http://registry.npmjs.org/grunt-contrib-imagemin/-/grunt-contrib-imagemin-0.8.1.tgz
43 silly lockFile 998bdbd8-grunt-contrib-imagemin-0-8-1-tgz http://registry.npmjs.org/grunt-contrib-imagemin/-/grunt-contrib-imagemin-0.8.1.tgz
44 silly lockFile 998bdbd8-grunt-contrib-imagemin-0-8-1-tgz http://registry.npmjs.org/grunt-contrib-imagemin/-/grunt-contrib-imagemin-0.8.1.tgz
45 silly lockFile b85fa733-grunt-contrib-imagemin-0-8-1 grunt-contrib-imagemin@0.8.1
46 silly lockFile b85fa733-grunt-contrib-imagemin-0-8-1 grunt-contrib-imagemin@0.8.1
47 silly lockFile 400cb004-grunt-contrib-imagemin grunt-contrib-imagemin@
48 silly lockFile 400cb004-grunt-contrib-imagemin grunt-contrib-imagemin@
49 silly resolved [ { name: 'grunt-contrib-imagemin',
49 silly resolved     description: 'Minify images',
49 silly resolved     version: '0.8.1',
49 silly resolved     author: { name: 'Grunt Team', url: 'http://gruntjs.com/' },
49 silly resolved     repository:
49 silly resolved      { type: 'git',
49 silly resolved        url: 'git://github.com/gruntjs/grunt-contrib-imagemin' },
49 silly resolved     licenses: [ [Object] ],
49 silly resolved     engines: { node: '>=0.10.0' },
49 silly resolved     scripts: { test: 'grunt test' },
49 silly resolved     dependencies:
49 silly resolved      { async: '^0.9.0',
49 silly resolved        chalk: '^0.5.1',
49 silly resolved        imagemin: '^1.0.4',
49 silly resolved        'pretty-bytes': '^1.0.1' },
49 silly resolved     devDependencies:
49 silly resolved      { grunt: '^0.4.5',
49 silly resolved        'grunt-contrib-clean': '^0.6.0',
49 silly resolved        'grunt-contrib-internal': '^0.4.10',
49 silly resolved        'grunt-contrib-jshint': '^0.10.0',
49 silly resolved        'grunt-contrib-nodeunit': '^0.4.1',
49 silly resolved        'time-grunt': '^1.0.0' },
49 silly resolved     peerDependencies: { grunt: '~0.4.0' },
49 silly resolved     keywords:
49 silly resolved      [ 'gruntplugin',
49 silly resolved        'compress',
49 silly resolved        'gif',
49 silly resolved        'image',
49 silly resolved        'img',
49 silly resolved        'jpeg',
49 silly resolved        'jpg',
49 silly resolved        'minify',
49 silly resolved        'png' ],
49 silly resolved     files: [ 'tasks', 'LICENSE-MIT' ],
49 silly resolved     bugs: { url: 'https://github.com/gruntjs/grunt-contrib-imagemin/issues' },
49 silly resolved     homepage: 'https://github.com/gruntjs/grunt-contrib-imagemin',
49 silly resolved     _id: 'grunt-contrib-imagemin@0.8.1',
49 silly resolved     _shasum: '78cf20c849c811947b38eddd8efbf3e3d2d61b78',
49 silly resolved     _from: 'grunt-contrib-imagemin@',
49 silly resolved     _npmVersion: '1.4.9',
49 silly resolved     _npmUser: { name: 'sindresorhus', email: 'sindresorhus@gmail.com' },
49 silly resolved     maintainers: [ [Object], [Object], [Object], [Object], [Object], [Object] ],
49 silly resolved     dist:
49 silly resolved      { shasum: '78cf20c849c811947b38eddd8efbf3e3d2d61b78',
49 silly resolved        tarball: 'http://registry.npmjs.org/grunt-contrib-imagemin/-/grunt-contrib-imagemin-0.8.1.tgz' },
49 silly resolved     directories: {},
49 silly resolved     _resolved: 'http://registry.npmjs.org/grunt-contrib-imagemin/-/grunt-contrib-imagemin-0.8.1.tgz' } ]
50 info install grunt-contrib-imagemin@0.8.1 into /var/www/community-php/bin
51 info installOne grunt-contrib-imagemin@0.8.1
52 verbose node_modules/grunt-contrib-imagemin unbuild
53 verbose tar unpack /home/david/.npm/grunt-contrib-imagemin/0.8.1/package.tgz
54 silly lockFile 7e65c409-e-modules-grunt-contrib-imagemin tar:///var/www/community-php/bin/node_modules/grunt-contrib-imagemin
55 verbose lock tar:///var/www/community-php/bin/node_modules/grunt-contrib-imagemin /home/david/.npm/7e65c409-e-modules-grunt-contrib-imagemin.lock
56 silly lockFile fe993c94-ntrib-imagemin-0-8-1-package-tgz tar:///home/david/.npm/grunt-contrib-imagemin/0.8.1/package.tgz
57 verbose lock tar:///home/david/.npm/grunt-contrib-imagemin/0.8.1/package.tgz /home/david/.npm/fe993c94-ntrib-imagemin-0-8-1-package-tgz.lock
58 silly gunzTarPerm modes [ '775', '664' ]
59 silly gunzTarPerm extractEntry package.json
60 silly gunzTarPerm modified mode [ 'package.json', 420, 436 ]
61 silly gunzTarPerm extractEntry README.md
62 silly gunzTarPerm modified mode [ 'README.md', 420, 436 ]
63 silly gunzTarPerm extractEntry LICENSE-MIT
64 silly gunzTarPerm modified mode [ 'LICENSE-MIT', 420, 436 ]
65 silly gunzTarPerm extractEntry tasks/imagemin.js
66 silly gunzTarPerm modified mode [ 'tasks/imagemin.js', 420, 436 ]
67 silly lockFile 7e65c409-e-modules-grunt-contrib-imagemin tar:///var/www/community-php/bin/node_modules/grunt-contrib-imagemin
68 silly lockFile 7e65c409-e-modules-grunt-contrib-imagemin tar:///var/www/community-php/bin/node_modules/grunt-contrib-imagemin
69 silly lockFile fe993c94-ntrib-imagemin-0-8-1-package-tgz tar:///home/david/.npm/grunt-contrib-imagemin/0.8.1/package.tgz
70 silly lockFile fe993c94-ntrib-imagemin-0-8-1-package-tgz tar:///home/david/.npm/grunt-contrib-imagemin/0.8.1/package.tgz
71 info preinstall grunt-contrib-imagemin@0.8.1
72 verbose readDependencies using package.json deps
73 verbose readDependencies using package.json deps
74 verbose cache add [ 'chalk@^0.5.1', null ]
75 verbose cache add name=undefined spec="chalk@^0.5.1" args=["chalk@^0.5.1",null]
76 verbose parsed url { protocol: null,
76 verbose parsed url   slashes: null,
76 verbose parsed url   auth: null,
76 verbose parsed url   host: null,
76 verbose parsed url   port: null,
76 verbose parsed url   hostname: null,
76 verbose parsed url   hash: null,
76 verbose parsed url   search: null,
76 verbose parsed url   query: null,
76 verbose parsed url   pathname: 'chalk@^0.5.1',
76 verbose parsed url   path: 'chalk@^0.5.1',
76 verbose parsed url   href: 'chalk@^0.5.1' }
77 verbose cache add [ 'imagemin@^1.0.4', null ]
78 verbose cache add name=undefined spec="imagemin@^1.0.4" args=["imagemin@^1.0.4",null]
79 verbose parsed url { protocol: null,
79 verbose parsed url   slashes: null,
79 verbose parsed url   auth: null,
79 verbose parsed url   host: null,
79 verbose parsed url   port: null,
79 verbose parsed url   hostname: null,
79 verbose parsed url   hash: null,
79 verbose parsed url   search: null,
79 verbose parsed url   query: null,
79 verbose parsed url   pathname: 'imagemin@^1.0.4',
79 verbose parsed url   path: 'imagemin@^1.0.4',
79 verbose parsed url   href: 'imagemin@^1.0.4' }
80 verbose cache add name="chalk" spec="^0.5.1" args=["chalk","^0.5.1"]
81 verbose parsed url { protocol: null,
81 verbose parsed url   slashes: null,
81 verbose parsed url   auth: null,
81 verbose parsed url   host: null,
81 verbose parsed url   port: null,
81 verbose parsed url   hostname: null,
81 verbose parsed url   hash: null,
81 verbose parsed url   search: null,
81 verbose parsed url   query: null,
81 verbose parsed url   pathname: '^0.5.1',
81 verbose parsed url   path: '^0.5.1',
81 verbose parsed url   href: '^0.5.1' }
82 verbose addNamed [ 'chalk', '^0.5.1' ]
83 verbose addNamed [ null, '>=0.5.1-0 <0.6.0-0' ]
84 silly lockFile 24b6c7c3-chalk-0-5-1 chalk@^0.5.1
85 verbose lock chalk@^0.5.1 /home/david/.npm/24b6c7c3-chalk-0-5-1.lock
86 verbose cache add [ 'pretty-bytes@^1.0.1', null ]
87 verbose cache add name=undefined spec="pretty-bytes@^1.0.1" args=["pretty-bytes@^1.0.1",null]
88 verbose parsed url { protocol: null,
88 verbose parsed url   slashes: null,
88 verbose parsed url   auth: null,
88 verbose parsed url   host: null,
88 verbose parsed url   port: null,
88 verbose parsed url   hostname: null,
88 verbose parsed url   hash: null,
88 verbose parsed url   search: null,
88 verbose parsed url   query: null,
88 verbose parsed url   pathname: 'pretty-bytes@^1.0.1',
88 verbose parsed url   path: 'pretty-bytes@^1.0.1',
88 verbose parsed url   href: 'pretty-bytes@^1.0.1' }
89 verbose cache add name="imagemin" spec="^1.0.4" args=["imagemin","^1.0.4"]
90 verbose parsed url { protocol: null,
90 verbose parsed url   slashes: null,
90 verbose parsed url   auth: null,
90 verbose parsed url   host: null,
90 verbose parsed url   port: null,
90 verbose parsed url   hostname: null,
90 verbose parsed url   hash: null,
90 verbose parsed url   search: null,
90 verbose parsed url   query: null,
90 verbose parsed url   pathname: '^1.0.4',
90 verbose parsed url   path: '^1.0.4',
90 verbose parsed url   href: '^1.0.4' }
91 verbose addNamed [ 'imagemin', '^1.0.4' ]
92 verbose addNamed [ null, '>=1.0.4-0 <2.0.0-0' ]
93 silly lockFile 8738583c-imagemin-1-0-4 imagemin@^1.0.4
94 verbose lock imagemin@^1.0.4 /home/david/.npm/8738583c-imagemin-1-0-4.lock
95 verbose cache add [ 'async@^0.9.0', null ]
96 verbose cache add name=undefined spec="async@^0.9.0" args=["async@^0.9.0",null]
97 verbose parsed url { protocol: null,
97 verbose parsed url   slashes: null,
97 verbose parsed url   auth: null,
97 verbose parsed url   host: null,
97 verbose parsed url   port: null,
97 verbose parsed url   hostname: null,
97 verbose parsed url   hash: null,
97 verbose parsed url   search: null,
97 verbose parsed url   query: null,
97 verbose parsed url   pathname: 'async@^0.9.0',
97 verbose parsed url   path: 'async@^0.9.0',
97 verbose parsed url   href: 'async@^0.9.0' }
98 verbose cache add name="pretty-bytes" spec="^1.0.1" args=["pretty-bytes","^1.0.1"]
99 verbose parsed url { protocol: null,
99 verbose parsed url   slashes: null,
99 verbose parsed url   auth: null,
99 verbose parsed url   host: null,
99 verbose parsed url   port: null,
99 verbose parsed url   hostname: null,
99 verbose parsed url   hash: null,
99 verbose parsed url   search: null,
99 verbose parsed url   query: null,
99 verbose parsed url   pathname: '^1.0.1',
99 verbose parsed url   path: '^1.0.1',
99 verbose parsed url   href: '^1.0.1' }
100 verbose addNamed [ 'pretty-bytes', '^1.0.1' ]
101 verbose addNamed [ null, '>=1.0.1-0 <2.0.0-0' ]
102 silly lockFile accf8f6e-pretty-bytes-1-0-1 pretty-bytes@^1.0.1
103 verbose lock pretty-bytes@^1.0.1 /home/david/.npm/accf8f6e-pretty-bytes-1-0-1.lock
104 silly addNameRange { name: 'chalk', range: '>=0.5.1-0 <0.6.0-0', hasData: false }
105 verbose cache add name="async" spec="^0.9.0" args=["async","^0.9.0"]
106 verbose parsed url { protocol: null,
106 verbose parsed url   slashes: null,
106 verbose parsed url   auth: null,
106 verbose parsed url   host: null,
106 verbose parsed url   port: null,
106 verbose parsed url   hostname: null,
106 verbose parsed url   hash: null,
106 verbose parsed url   search: null,
106 verbose parsed url   query: null,
106 verbose parsed url   pathname: '^0.9.0',
106 verbose parsed url   path: '^0.9.0',
106 verbose parsed url   href: '^0.9.0' }
107 verbose addNamed [ 'async', '^0.9.0' ]
108 verbose addNamed [ null, '>=0.9.0-0 <0.10.0-0' ]
109 silly lockFile 7f39d2c2-async-0-9-0 async@^0.9.0
110 verbose lock async@^0.9.0 /home/david/.npm/7f39d2c2-async-0-9-0.lock
111 silly addNameRange { name: 'imagemin', range: '>=1.0.4-0 <2.0.0-0', hasData: false }
112 silly addNameRange { name: 'pretty-bytes',
112 silly addNameRange   range: '>=1.0.1-0 <2.0.0-0',
112 silly addNameRange   hasData: false }
113 silly addNameRange { name: 'async', range: '>=0.9.0-0 <0.10.0-0', hasData: false }
114 verbose request where is /imagemin
115 verbose request registry http://registry.npmjs.org/
116 verbose url raw /imagemin
117 verbose url resolving [ 'http://registry.npmjs.org/', './imagemin' ]
118 verbose url resolved http://registry.npmjs.org/imagemin
119 verbose request where is http://registry.npmjs.org/imagemin
120 info trying registry request attempt 1 at 17:50:19
121 http GET http://registry.npmjs.org/imagemin
122 verbose request where is /pretty-bytes
123 verbose request registry http://registry.npmjs.org/
124 verbose url raw /pretty-bytes
125 verbose url resolving [ 'http://registry.npmjs.org/', './pretty-bytes' ]
126 verbose url resolved http://registry.npmjs.org/pretty-bytes
127 verbose request where is http://registry.npmjs.org/pretty-bytes
128 info trying registry request attempt 1 at 17:50:19
129 http GET http://registry.npmjs.org/pretty-bytes
130 verbose request where is /async
131 verbose request registry http://registry.npmjs.org/
132 verbose url raw /async
133 verbose url resolving [ 'http://registry.npmjs.org/', './async' ]
134 verbose url resolved http://registry.npmjs.org/async
135 verbose request where is http://registry.npmjs.org/async
136 info trying registry request attempt 1 at 17:50:19
137 verbose etag "1I9D0XFZ6KH9Q1TZ5WF1I720H"
138 http GET http://registry.npmjs.org/async
139 verbose request where is /chalk
140 verbose request registry http://registry.npmjs.org/
141 verbose url raw /chalk
142 verbose url resolving [ 'http://registry.npmjs.org/', './chalk' ]
143 verbose url resolved http://registry.npmjs.org/chalk
144 verbose request where is http://registry.npmjs.org/chalk
145 info trying registry request attempt 1 at 17:50:19
146 verbose etag "7AP2LAQ3OFJNFRGCKTGAULR4K"
147 http GET http://registry.npmjs.org/chalk
148 http 200 http://registry.npmjs.org/pretty-bytes
149 silly registry.get cb [ 200,
149 silly registry.get   { server: 'CouchDB/1.5.0 (Erlang OTP/R16B03)',
149 silly registry.get     etag: '"6CD4EGPJXB7OSYKKECSY258HJ"',
149 silly registry.get     'content-type': 'application/json',
149 silly registry.get     'cache-control': 'max-age=60',
149 silly registry.get     'content-length': '8274',
149 silly registry.get     'accept-ranges': 'bytes',
149 silly registry.get     date: 'Mon, 08 Sep 2014 15:50:20 GMT',
149 silly registry.get     via: '1.1 varnish',
149 silly registry.get     age: '184',
149 silly registry.get     'x-served-by': 'cache-lcy1128-LCY',
149 silly registry.get     'x-cache': 'HIT, MISS from ipcop.localdomain',
149 silly registry.get     'x-cache-hits': '1',
149 silly registry.get     'x-timer': 'S1410191420.266069,VS0,VE0',
149 silly registry.get     vary: 'Accept',
149 silly registry.get     connection: 'keep-alive' } ]
150 silly addNameRange number 2 { name: 'pretty-bytes',
150 silly addNameRange   range: '>=1.0.1-0 <2.0.0-0',
150 silly addNameRange   hasData: true }
151 silly addNameRange versions [ 'pretty-bytes',
151 silly addNameRange   [ '0.1.0', '0.1.1', '0.1.2', '1.0.0', '1.0.1' ] ]
152 verbose addNamed [ 'pretty-bytes', '1.0.1' ]
153 verbose addNamed [ '1.0.1', '1.0.1' ]
154 silly lockFile c48f554e-pretty-bytes-1-0-1 pretty-bytes@1.0.1
155 verbose lock pretty-bytes@1.0.1 /home/david/.npm/c48f554e-pretty-bytes-1-0-1.lock
156 silly lockFile 1227fdaa-tty-bytes-pretty-bytes-1-0-1-tgz http://registry.npmjs.org/pretty-bytes/-/pretty-bytes-1.0.1.tgz
157 verbose lock http://registry.npmjs.org/pretty-bytes/-/pretty-bytes-1.0.1.tgz /home/david/.npm/1227fdaa-tty-bytes-pretty-bytes-1-0-1-tgz.lock
158 verbose addRemoteTarball [ 'http://registry.npmjs.org/pretty-bytes/-/pretty-bytes-1.0.1.tgz',
158 verbose addRemoteTarball   'afd0b459da61834ac36617b05f9daa0beb043e3e' ]
159 info retry fetch attempt 1 at 17:50:19
160 verbose fetch to= /tmp/npm-8544-gmFs6fdP/registry.npmjs.org/pretty-bytes/-/pretty-bytes-1.0.1.tgz
161 http GET http://registry.npmjs.org/pretty-bytes/-/pretty-bytes-1.0.1.tgz
162 http 200 http://registry.npmjs.org/chalk
163 silly registry.get cb [ 200,
163 silly registry.get   { server: 'CouchDB/1.5.0 (Erlang OTP/R16B03)',
163 silly registry.get     etag: '"C62L4FYN6927D6RKV47Y5PPA8"',
163 silly registry.get     'content-type': 'application/json',
163 silly registry.get     'cache-control': 'max-age=60',
163 silly registry.get     'content-length': '16633',
163 silly registry.get     'accept-ranges': 'bytes',
163 silly registry.get     date: 'Mon, 08 Sep 2014 15:50:20 GMT',
163 silly registry.get     via: '1.1 varnish',
163 silly registry.get     age: '64',
163 silly registry.get     'x-served-by': 'cache-lcy1131-LCY',
163 silly registry.get     'x-cache': 'HIT, MISS from ipcop.localdomain',
163 silly registry.get     'x-cache-hits': '2',
163 silly registry.get     'x-timer': 'S1410191420.295823,VS0,VE0',
163 silly registry.get     vary: 'Accept',
163 silly registry.get     connection: 'keep-alive' } ]
164 silly addNameRange number 2 { name: 'chalk', range: '>=0.5.1-0 <0.6.0-0', hasData: true }
165 silly addNameRange versions [ 'chalk',
165 silly addNameRange   [ '0.1.0',
165 silly addNameRange     '0.1.1',
165 silly addNameRange     '0.2.0',
165 silly addNameRange     '0.2.1',
165 silly addNameRange     '0.3.0',
165 silly addNameRange     '0.4.0',
165 silly addNameRange     '0.5.0',
165 silly addNameRange     '0.5.1' ] ]
166 verbose addNamed [ 'chalk', '0.5.1' ]
167 verbose addNamed [ '0.5.1', '0.5.1' ]
168 silly lockFile c28973bb-chalk-0-5-1 chalk@0.5.1
169 verbose lock chalk@0.5.1 /home/david/.npm/c28973bb-chalk-0-5-1.lock
170 silly lockFile 80ef805b--npmjs-org-chalk-chalk-0-5-1-tgz http://registry.npmjs.org/chalk/-/chalk-0.5.1.tgz
171 verbose lock http://registry.npmjs.org/chalk/-/chalk-0.5.1.tgz /home/david/.npm/80ef805b--npmjs-org-chalk-chalk-0-5-1-tgz.lock
172 verbose addRemoteTarball [ 'http://registry.npmjs.org/chalk/-/chalk-0.5.1.tgz',
172 verbose addRemoteTarball   '663b3a648b68b55d04690d49167aa837858f2174' ]
173 info retry fetch attempt 1 at 17:50:19
174 verbose fetch to= /tmp/npm-8544-gmFs6fdP/registry.npmjs.org/chalk/-/chalk-0.5.1.tgz
175 http GET http://registry.npmjs.org/chalk/-/chalk-0.5.1.tgz
176 http 200 http://registry.npmjs.org/pretty-bytes/-/pretty-bytes-1.0.1.tgz
177 silly lockFile 1227fdaa-tty-bytes-pretty-bytes-1-0-1-tgz http://registry.npmjs.org/pretty-bytes/-/pretty-bytes-1.0.1.tgz
178 silly lockFile 1227fdaa-tty-bytes-pretty-bytes-1-0-1-tgz http://registry.npmjs.org/pretty-bytes/-/pretty-bytes-1.0.1.tgz
179 silly lockFile c48f554e-pretty-bytes-1-0-1 pretty-bytes@1.0.1
180 silly lockFile c48f554e-pretty-bytes-1-0-1 pretty-bytes@1.0.1
181 silly lockFile accf8f6e-pretty-bytes-1-0-1 pretty-bytes@^1.0.1
182 silly lockFile accf8f6e-pretty-bytes-1-0-1 pretty-bytes@^1.0.1
183 http 200 http://registry.npmjs.org/chalk/-/chalk-0.5.1.tgz
184 silly lockFile 80ef805b--npmjs-org-chalk-chalk-0-5-1-tgz http://registry.npmjs.org/chalk/-/chalk-0.5.1.tgz
185 silly lockFile 80ef805b--npmjs-org-chalk-chalk-0-5-1-tgz http://registry.npmjs.org/chalk/-/chalk-0.5.1.tgz
186 silly lockFile c28973bb-chalk-0-5-1 chalk@0.5.1
187 silly lockFile c28973bb-chalk-0-5-1 chalk@0.5.1
188 silly lockFile 24b6c7c3-chalk-0-5-1 chalk@^0.5.1
189 silly lockFile 24b6c7c3-chalk-0-5-1 chalk@^0.5.1
190 verbose about to build /var/www/community-php/bin/node_modules/grunt-contrib-imagemin
191 verbose node_modules/grunt-contrib-imagemin unbuild
192 info preuninstall grunt-contrib-imagemin@0.8.1
193 info uninstall grunt-contrib-imagemin@0.8.1
194 verbose true,/var/www/community-php/bin/node_modules,/var/www/community-php/bin/node_modules unbuild grunt-contrib-imagemin@0.8.1
195 info postuninstall grunt-contrib-imagemin@0.8.1
196 error Error: EACCES, mkdir '/home/david/.npm/chalk/0.5.1'
196 error  { [Error: EACCES, mkdir '/home/david/.npm/chalk/0.5.1']
196 error   errno: 3,
196 error   code: 'EACCES',
196 error   path: '/home/david/.npm/chalk/0.5.1',
196 error   parent: 'grunt-contrib-imagemin' }
197 error Please try running this command again as root/Administrator.
198 error System Linux 3.13.0-35-generic
199 error command "/usr/bin/node" "/usr/bin/npm" "install" "grunt-contrib-imagemin" "--save-dev"
200 error cwd /var/www/community-php/bin
201 error node -v v0.10.31
202 error npm -v 1.4.23
203 error path /home/david/.npm/chalk/0.5.1
204 error code EACCES
205 error errno 3
206 error stack Error: EACCES, mkdir '/home/david/.npm/chalk/0.5.1'
207 verbose exit [ 3, true ]
